#
# There is insufficient memory for the Java Runtime Environment to continue.
# Native memory allocation (malloc) failed to allocate 33554448 bytes for Chunk::new
# Possible reasons:
#   The system is out of physical RAM or swap space
#   In 32 bit mode, the process size limit was hit
# Possible solutions:
#   Reduce memory load on the system
#   Increase physical memory or swap space
#   Check if swap backing store is full
#   Use 64 bit Java on a 64 bit OS
#   Decrease Java heap size (-Xmx/-Xms)
#   Decrease number of Java threads
#   Decrease Java thread stack sizes (-Xss)
#   Set larger code cache with -XX:ReservedCodeCacheSize=
# This output file may be truncated or incomplete.
#
#  Out of Memory Error (allocation.cpp:390), pid=5556, tid=8176
#
# JRE version: Java(TM) SE Runtime Environment (8.0_20-b26) (build 1.8.0_20-b26)
# Java VM: Java HotSpot(TM) 64-Bit Server VM (25.20-b23 mixed mode windows-amd64 compressed oops)
# Failed to write core dump. Minidumps are not enabled by default on client versions of Windows
#

---------------  T H R E A D  ---------------

Current thread (0x0000000014f39000):  JavaThread "C2 CompilerThread0" daemon [_thread_in_native, id=8176, stack(0x0000000016430000,0x0000000016530000)]

Stack: [0x0000000016430000,0x0000000016530000]
Native frames: (J=compiled Java code, j=interpreted, Vv=VM code, C=native code)
V  [jvm.dll+0x3152fa]
V  [jvm.dll+0x265d03]
V  [jvm.dll+0x266943]
V  [jvm.dll+0x25e265]
V  [jvm.dll+0xbe255]
V  [jvm.dll+0xbe6fc]
V  [jvm.dll+0xf3878]
V  [jvm.dll+0x45df30]
V  [jvm.dll+0x45e1ea]
V  [jvm.dll+0x45f0cf]
V  [jvm.dll+0x461191]
V  [jvm.dll+0x4635c5]
V  [jvm.dll+0x463f4c]
V  [jvm.dll+0x464293]
V  [jvm.dll+0x451093]
V  [jvm.dll+0x452634]
V  [jvm.dll+0x435fc2]
V  [jvm.dll+0x97b62]
V  [jvm.dll+0x98353]
V  [jvm.dll+0x22aac4]
V  [jvm.dll+0x283f5a]
C  [msvcr100.dll+0x21d9f]
C  [msvcr100.dll+0x21e3b]
C  [KERNEL32.DLL+0x12d92]
C  [ntdll.dll+0x9f64]


Current CompileTask:
C2:  28728 2001   !   4       com.android.dx.cf.code.Ropper::processBlock (1101 bytes)


---------------  P R O C E S S  ---------------

Java Threads: ( => current thread )
  0x0000000016691800 JavaThread "Service Thread" daemon [_thread_blocked, id=5964, stack(0x0000000016b30000,0x0000000016c30000)]
  0x0000000016689800 JavaThread "C1 CompilerThread2" daemon [_thread_blocked, id=7516, stack(0x0000000016a30000,0x0000000016b30000)]
  0x0000000014f3c000 JavaThread "C2 CompilerThread1" daemon [_thread_blocked, id=5440, stack(0x0000000016530000,0x0000000016630000)]
=>0x0000000014f39000 JavaThread "C2 CompilerThread0" daemon [_thread_in_native, id=8176, stack(0x0000000016430000,0x0000000016530000)]
  0x0000000014eee000 JavaThread "Attach Listener" daemon [_thread_blocked, id=3516, stack(0x0000000016330000,0x0000000016430000)]
  0x0000000014eed000 JavaThread "Signal Dispatcher" daemon [_thread_blocked, id=8996, stack(0x0000000016230000,0x0000000016330000)]
  0x0000000002801000 JavaThread "Finalizer" daemon [_thread_blocked, id=5768, stack(0x0000000016130000,0x0000000016230000)]
  0x00000000027fe000 JavaThread "Reference Handler" daemon [_thread_blocked, id=4180, stack(0x0000000016030000,0x0000000016130000)]
  0x0000000002710800 JavaThread "main" [_thread_in_native, id=3748, stack(0x0000000002610000,0x0000000002710000)]

Other Threads:
  0x0000000014ea7000 VMThread [stack: 0x0000000015f30000,0x0000000016030000] [id=10116]
  0x0000000016695800 WatcherThread [stack: 0x0000000016c30000,0x0000000016d30000] [id=5752]

VM state:not at safepoint (normal execution)

VM Mutex/Monitor currently owned by a thread: None

Heap:
 PSYoungGen      total 134656K, used 92005K [0x00000000eab00000, 0x00000000f4400000, 0x0000000100000000)
  eden space 116736K, 67% used [0x00000000eab00000,0x00000000ef869510,0x00000000f1d00000)
  from space 17920K, 71% used [0x00000000f1d00000,0x00000000f296ffb8,0x00000000f2e80000)
  to   space 13824K, 0% used [0x00000000f2e80000,0x00000000f2e80000,0x00000000f3c00000)
 ParOldGen       total 41472K, used 41457K [0x00000000c0000000, 0x00000000c2880000, 0x00000000eab00000)
  object space 41472K, 99% used [0x00000000c0000000,0x00000000c287c708,0x00000000c2880000)
 Metaspace       used 6159K, capacity 7216K, committed 7296K, reserved 1056768K
  class space    used 583K, capacity 616K, committed 640K, reserved 1048576K

Card table byte_map: [0x0000000011bd0000,0x0000000011de0000] byte_map_base: 0x00000000115d0000

Marking Bits: (ParMarkBitMap*) 0x000000005147b460
 Begin Bits: [0x0000000012340000, 0x0000000013340000)
 End Bits:   [0x0000000013340000, 0x0000000014340000)

Polling page: 0x00000000009a0000

CodeCache: size=245760Kb used=9751Kb max_used=10579Kb free=236008Kb
 bounds [0x0000000002810000, 0x0000000003270000, 0x0000000011810000]
 total_blobs=2110 nmethods=1848 adapters=176
 compilation: enabled

Compilation events (10 events):
Event: 21.858 Thread 0x0000000016689800 2115       3       com.android.dx.cf.code.BytecodeArray$ConstantParserVisitor::visitConstant (18 bytes)
Event: 21.858 Thread 0x0000000016689800 nmethod 2115 0x0000000002c313d0 code [0x0000000002c31520, 0x0000000002c31690]
Event: 23.598 Thread 0x0000000016689800 2117       1       java.lang.ref.Reference::access$100 (4 bytes)
Event: 23.598 Thread 0x0000000016689800 nmethod 2117 0x0000000002c82290 code [0x0000000002c823e0, 0x0000000002c824d0]
Event: 23.598 Thread 0x0000000016689800 2118       1       java.lang.ref.Finalizer::access$000 (4 bytes)
Event: 23.598 Thread 0x0000000016689800 nmethod 2118 0x0000000002ca3d50 code [0x0000000002ca3ea0, 0x0000000002ca3f90]
Event: 23.613 Thread 0x0000000016689800 2120       3       com.android.dx.rop.code.Rops::opPutStatic (97 bytes)
Event: 23.614 Thread 0x0000000016689800 nmethod 2120 0x00000000029d3350 code [0x00000000029d3580, 0x00000000029d41b8]
Event: 23.711 Thread 0x0000000014f3c000 nmethod 2099 0x0000000002e88990 code [0x0000000002e88dc0, 0x0000000002e8b3a0]
Event: 23.713 Thread 0x0000000014f3c000 2116   !   4       com.android.dx.cf.code.BytecodeArray::parseInstruction (2764 bytes)

GC Heap History (10 events):
Event: 15.445 GC heap before
{Heap before GC invocations=6 (full 0):
 PSYoungGen      total 33280K, used 33261K [0x00000000eab00000, 0x00000000ef600000, 0x0000000100000000)
  eden space 30720K, 100% used [0x00000000eab00000,0x00000000ec900000,0x00000000ec900000)
  from space 2560K, 99% used [0x00000000ec900000,0x00000000ecb7b798,0x00000000ecb80000)
  to   space 7680K, 0% used [0x00000000eee80000,0x00000000eee80000,0x00000000ef600000)
 ParOldGen       total 40960K, used 15013K [0x00000000c0000000, 0x00000000c2800000, 0x00000000eab00000)
  object space 40960K, 36% used [0x00000000c0000000,0x00000000c0ea97c8,0x00000000c2800000)
 Metaspace       used 5943K, capacity 7088K, committed 7296K, reserved 1056768K
  class space    used 560K, capacity 616K, committed 640K, reserved 1048576K
Event: 15.588 GC heap after
Heap after GC invocations=6 (full 0):
 PSYoungGen      total 68096K, used 7658K [0x00000000eab00000, 0x00000000ef800000, 0x0000000100000000)
  eden space 60416K, 0% used [0x00000000eab00000,0x00000000eab00000,0x00000000ee600000)
  from space 7680K, 99% used [0x00000000eee80000,0x00000000ef5fab40,0x00000000ef600000)
  to   space 8704K, 0% used [0x00000000ee600000,0x00000000ee600000,0x00000000eee80000)
 ParOldGen       total 40960K, used 15182K [0x00000000c0000000, 0x00000000c2800000, 0x00000000eab00000)
  object space 40960K, 37% used [0x00000000c0000000,0x00000000c0ed38d8,0x00000000c2800000)
 Metaspace       used 5943K, capacity 7088K, committed 7296K, reserved 1056768K
  class space    used 560K, capacity 616K, committed 640K, reserved 1048576K
}
Event: 18.387 GC heap before
{Heap before GC invocations=7 (full 0):
 PSYoungGen      total 68096K, used 68074K [0x00000000eab00000, 0x00000000ef800000, 0x0000000100000000)
  eden space 60416K, 100% used [0x00000000eab00000,0x00000000ee600000,0x00000000ee600000)
  from space 7680K, 99% used [0x00000000eee80000,0x00000000ef5fab40,0x00000000ef600000)
  to   space 8704K, 0% used [0x00000000ee600000,0x00000000ee600000,0x00000000eee80000)
 ParOldGen       total 40960K, used 15182K [0x00000000c0000000, 0x00000000c2800000, 0x00000000eab00000)
  object space 40960K, 37% used [0x00000000c0000000,0x00000000c0ed38d8,0x00000000c2800000)
 Metaspace       used 5963K, capacity 7152K, committed 7296K, reserved 1056768K
  class space    used 561K, capacity 616K, committed 640K, reserved 1048576K
Event: 18.425 GC heap after
Heap after GC invocations=7 (full 0):
 PSYoungGen      total 69120K, used 8698K [0x00000000eab00000, 0x00000000f3c00000, 0x0000000100000000)
  eden space 60416K, 0% used [0x00000000eab00000,0x00000000eab00000,0x00000000ee600000)
  from space 8704K, 99% used [0x00000000ee600000,0x00000000eee7ea18,0x00000000eee80000)
  to   space 13824K, 0% used [0x00000000f2e80000,0x00000000f2e80000,0x00000000f3c00000)
 ParOldGen       total 40960K, used 23418K [0x00000000c0000000, 0x00000000c2800000, 0x00000000eab00000)
  object space 40960K, 57% used [0x00000000c0000000,0x00000000c16de8c8,0x00000000c2800000)
 Metaspace       used 5963K, capacity 7152K, committed 7296K, reserved 1056768K
  class space    used 561K, capacity 616K, committed 640K, reserved 1048576K
}
Event: 19.379 GC heap before
{Heap before GC invocations=8 (full 0):
 PSYoungGen      total 69120K, used 69114K [0x00000000eab00000, 0x00000000f3c00000, 0x0000000100000000)
  eden space 60416K, 100% used [0x00000000eab00000,0x00000000ee600000,0x00000000ee600000)
  from space 8704K, 99% used [0x00000000ee600000,0x00000000eee7ea18,0x00000000eee80000)
  to   space 13824K, 0% used [0x00000000f2e80000,0x00000000f2e80000,0x00000000f3c00000)
 ParOldGen       total 40960K, used 23418K [0x00000000c0000000, 0x00000000c2800000, 0x00000000eab00000)
  object space 40960K, 57% used [0x00000000c0000000,0x00000000c16de8c8,0x00000000c2800000)
 Metaspace       used 6113K, capacity 7152K, committed 7296K, reserved 1056768K
  class space    used 580K, capacity 616K, committed 640K, reserved 1048576K
Event: 19.408 GC heap after
Heap after GC invocations=8 (full 0):
 PSYoungGen      total 130560K, used 13797K [0x00000000eab00000, 0x00000000f4400000, 0x0000000100000000)
  eden space 116736K, 0% used [0x00000000eab00000,0x00000000eab00000,0x00000000f1d00000)
  from space 13824K, 99% used [0x00000000f2e80000,0x00000000f3bf94a0,0x00000000f3c00000)
  to   space 17920K, 0% used [0x00000000f1d00000,0x00000000f1d00000,0x00000000f2e80000)
 ParOldGen       total 40960K, used 28165K [0x00000000c0000000, 0x00000000c2800000, 0x00000000eab00000)
  object space 40960K, 68% used [0x00000000c0000000,0x00000000c1b816c8,0x00000000c2800000)
 Metaspace       used 6113K, capacity 7152K, committed 7296K, reserved 1056768K
  class space    used 580K, capacity 616K, committed 640K, reserved 1048576K
}
Event: 21.863 GC heap before
{Heap before GC invocations=9 (full 0):
 PSYoungGen      total 130560K, used 130533K [0x00000000eab00000, 0x00000000f4400000, 0x0000000100000000)
  eden space 116736K, 100% used [0x00000000eab00000,0x00000000f1d00000,0x00000000f1d00000)
  from space 13824K, 99% used [0x00000000f2e80000,0x00000000f3bf94a0,0x00000000f3c00000)
  to   space 17920K, 0% used [0x00000000f1d00000,0x00000000f1d00000,0x00000000f2e80000)
 ParOldGen       total 40960K, used 28165K [0x00000000c0000000, 0x00000000c2800000, 0x00000000eab00000)
  object space 40960K, 68% used [0x00000000c0000000,0x00000000c1b816c8,0x00000000c2800000)
 Metaspace       used 6128K, capacity 7216K, committed 7296K, reserved 1056768K
  class space    used 580K, capacity 616K, committed 640K, reserved 1048576K
Event: 21.962 GC heap after
Heap after GC invocations=9 (full 0):
 PSYoungGen      total 134656K, used 17893K [0x00000000eab00000, 0x00000000f4400000, 0x0000000100000000)
  eden space 116736K, 0% used [0x00000000eab00000,0x00000000eab00000,0x00000000f1d00000)
  from space 17920K, 99% used [0x00000000f1d00000,0x00000000f2e794b0,0x00000000f2e80000)
  to   space 13824K, 0% used [0x00000000f2e80000,0x00000000f2e80000,0x00000000f3c00000)
 ParOldGen       total 41472K, used 41461K [0x00000000c0000000, 0x00000000c2880000, 0x00000000eab00000)
  object space 41472K, 99% used [0x00000000c0000000,0x00000000c287d6b8,0x00000000c2880000)
 Metaspace       used 6128K, capacity 7216K, committed 7296K, reserved 1056768K
  class space    used 580K, capacity 616K, committed 640K, reserved 1048576K
}
Event: 22.101 GC heap before
{Heap before GC invocations=10 (full 1):
 PSYoungGen      total 134656K, used 17893K [0x00000000eab00000, 0x00000000f4400000, 0x0000000100000000)
  eden space 116736K, 0% used [0x00000000eab00000,0x00000000eab00000,0x00000000f1d00000)
  from space 17920K, 99% used [0x00000000f1d00000,0x00000000f2e794b0,0x00000000f2e80000)
  to   space 13824K, 0% used [0x00000000f2e80000,0x00000000f2e80000,0x00000000f3c00000)
 ParOldGen       total 41472K, used 41461K [0x00000000c0000000, 0x00000000c2880000, 0x00000000eab00000)
  object space 41472K, 99% used [0x00000000c0000000,0x00000000c287d6b8,0x00000000c2880000)
 Metaspace       used 6128K, capacity 7216K, committed 7296K, reserved 1056768K
  class space    used 580K, capacity 616K, committed 640K, reserved 1048576K
Event: 23.597 GC heap after
Heap after GC invocations=10 (full 1):
 PSYoungGen      total 134656K, used 12735K [0x00000000eab00000, 0x00000000f4400000, 0x0000000100000000)
  eden space 116736K, 0% used [0x00000000eab00000,0x00000000eab00000,0x00000000f1d00000)
  from space 17920K, 71% used [0x00000000f1d00000,0x00000000f296ffb8,0x00000000f2e80000)
  to   space 13824K, 0% used [0x00000000f2e80000,0x00000000f2e80000,0x00000000f3c00000)
 ParOldGen       total 41472K, used 41457K [0x00000000c0000000, 0x00000000c2880000, 0x00000000eab00000)
  object space 41472K, 99% used [0x00000000c0000000,0x00000000c287c708,0x00000000c2880000)
 Metaspace       used 6128K, capacity 7216K, committed 7296K, reserved 1056768K
  class space    used 580K, capacity 616K, committed 640K, reserved 1048576K
}

Deoptimization events (10 events):
Event: 19.499 Thread 0x0000000002710800 Uncommon trap: reason=bimorphic action=maybe_recompile pc=0x00000000031da348 method=com.android.dx.ssa.LiteralOpUpgrader.tryReplacingWithConstant(Lcom/android/dx/ssa/NormalSsaInsn;)Z @ 62
Event: 19.502 Thread 0x0000000002710800 Uncommon trap: reason=bimorphic action=maybe_recompile pc=0x00000000031da348 method=com.android.dx.ssa.LiteralOpUpgrader.tryReplacingWithConstant(Lcom/android/dx/ssa/NormalSsaInsn;)Z @ 62
Event: 19.516 Thread 0x0000000002710800 Uncommon trap: reason=unreached action=reinterpret pc=0x0000000002d431cc method=com.android.dx.ssa.MoveParamCombiner$1.visitNonMoveInsn(Lcom/android/dx/ssa/NormalSsaInsn;)V @ 27
Event: 19.667 Thread 0x0000000002710800 Uncommon trap: reason=class_check action=maybe_recompile pc=0x000000000323be8c method=com.android.dx.cf.code.RopperMachine.run(Lcom/android/dx/cf/code/Frame;II)V @ 1024
Event: 19.674 Thread 0x0000000002710800 Uncommon trap: reason=bimorphic action=maybe_recompile pc=0x0000000002d1dc2c method=com.android.dx.ssa.SCCP.setLatticeValueTo(IILcom/android/dx/rop/cst/Constant;)Z @ 43
Event: 19.675 Thread 0x0000000002710800 Uncommon trap: reason=bimorphic action=maybe_recompile pc=0x0000000002d1dc2c method=com.android.dx.ssa.SCCP.setLatticeValueTo(IILcom/android/dx/rop/cst/Constant;)Z @ 43
Event: 21.858 Thread 0x0000000002710800 Uncommon trap: reason=bimorphic action=maybe_recompile pc=0x0000000002e385bc method=com.android.dx.cf.code.BytecodeArray.parseInstruction(ILcom/android/dx/cf/code/BytecodeArray$Visitor;)I @ 971
Event: 21.858 Thread 0x0000000002710800 Uncommon trap: reason=bimorphic action=maybe_recompile pc=0x0000000002e38648 method=com.android.dx.cf.code.BytecodeArray.parseInstruction(ILcom/android/dx/cf/code/BytecodeArray$Visitor;)I @ 987
Event: 21.859 Thread 0x0000000002710800 Uncommon trap: reason=bimorphic action=maybe_recompile pc=0x0000000002e38810 method=com.android.dx.cf.code.BytecodeArray.parseInstruction(ILcom/android/dx/cf/code/BytecodeArray$Visitor;)I @ 1051
Event: 21.861 Thread 0x0000000002710800 Uncommon trap: reason=bimorphic action=maybe_recompile pc=0x0000000002e38810 method=com.android.dx.cf.code.BytecodeArray.parseInstruction(ILcom/android/dx/cf/code/BytecodeArray$Visitor;)I @ 1051

Internal exceptions (10 events):
Event: 4.568 Thread 0x0000000002710800 Exception <a 'java/security/PrivilegedActionException'> (0x00000000eb83c4b0) thrown at [D:\re\workspace\8-2-build-windows-amd64-cygwin\jdk8u20\1074\hotspot\src\share\vm\prims\jvm.cpp, line 1275]
Event: 4.696 Thread 0x0000000002710800 Exception <a 'java/security/PrivilegedActionException'> (0x00000000eb9b2940) thrown at [D:\re\workspace\8-2-build-windows-amd64-cygwin\jdk8u20\1074\hotspot\src\share\vm\prims\jvm.cpp, line 1275]
Event: 6.469 Thread 0x0000000002710800 Exception <a 'java/security/PrivilegedActionException'> (0x00000000eaf1eca0) thrown at [D:\re\workspace\8-2-build-windows-amd64-cygwin\jdk8u20\1074\hotspot\src\share\vm\prims\jvm.cpp, line 1275]
Event: 7.170 Thread 0x0000000002710800 Exception <a 'java/security/PrivilegedActionException'> (0x00000000eb263bf8) thrown at [D:\re\workspace\8-2-build-windows-amd64-cygwin\jdk8u20\1074\hotspot\src\share\vm\prims\jvm.cpp, line 1275]
Event: 9.520 Thread 0x0000000002710800 Implicit null exception at 0x0000000002e4b4a2 to 0x0000000002e4b595
Event: 15.273 Thread 0x0000000002710800 Exception <a 'java/security/PrivilegedActionException'> (0x00000000ec4053d8) thrown at [D:\re\workspace\8-2-build-windows-amd64-cygwin\jdk8u20\1074\hotspot\src\share\vm\prims\jvm.cpp, line 1275]
Event: 17.742 Thread 0x0000000002710800 Exception <a 'java/security/PrivilegedActionException'> (0x00000000ed091278) thrown at [D:\re\workspace\8-2-build-windows-amd64-cygwin\jdk8u20\1074\hotspot\src\share\vm\prims\jvm.cpp, line 1275]
Event: 18.504 Thread 0x0000000002710800 Exception <a 'java/lang/ArrayIndexOutOfBoundsException': 18> (0x00000000eaec0868) thrown at [D:\re\workspace\8-2-build-windows-amd64-cygwin\jdk8u20\1074\hotspot\src\share\vm\interpreter\interpreterRuntime.cpp, line 366]
Event: 18.505 Thread 0x0000000002710800 Exception <a 'java/lang/ArrayIndexOutOfBoundsException'> (0x00000000eaec2300) thrown at [D:\re\workspace\8-2-build-windows-amd64-cygwin\jdk8u20\1074\hotspot\src\share\vm\runtime\sharedRuntime.cpp, line 604]
Event: 18.570 Thread 0x0000000002710800 Exception <a 'java/lang/ArrayIndexOutOfBoundsException'> (0x00000000eaec3518) thrown at [D:\re\workspace\8-2-build-windows-amd64-cygwin\jdk8u20\1074\hotspot\src\share\vm\runtime\sharedRuntime.cpp, line 604]

Events (10 events):
Event: 21.858 Thread 0x0000000002710800 DEOPT PACKING pc=0x0000000002e38648 sp=0x000000000270e510
Event: 21.858 Thread 0x0000000002710800 DEOPT UNPACKING pc=0x000000000285556a sp=0x000000000270e4c8 mode 2
Event: 21.859 Thread 0x0000000002710800 Uncommon trap: trap_request=0xffffffc6 fr.pc=0x0000000002e38810
Event: 21.861 Thread 0x0000000002710800 DEOPT PACKING pc=0x0000000002e38810 sp=0x000000000270e510
Event: 21.861 Thread 0x0000000002710800 DEOPT UNPACKING pc=0x000000000285556a sp=0x000000000270e4c8 mode 2
Event: 21.861 Thread 0x0000000002710800 Uncommon trap: trap_request=0xffffffc6 fr.pc=0x0000000002e38810
Event: 21.861 Thread 0x0000000002710800 DEOPT PACKING pc=0x0000000002e38810 sp=0x000000000270e510
Event: 21.861 Thread 0x0000000002710800 DEOPT UNPACKING pc=0x000000000285556a sp=0x000000000270e4c8 mode 2
Event: 21.863 Executing VM operation: ParallelGCFailedAllocation
Event: 23.597 Executing VM operation: ParallelGCFailedAllocation done


Dynamic libraries:
0x00007ff7c6bf0000 - 0x00007ff7c6c24000 	C:\Program Files\Java\jdk1.8.0_20\bin\java.exe
0x00007ffee79b0000 - 0x00007ffee7b71000 	C:\WINDOWS\SYSTEM32\ntdll.dll
0x00007ffee6de0000 - 0x00007ffee6e8d000 	C:\WINDOWS\system32\KERNEL32.DLL
0x00007ffee4dc0000 - 0x00007ffee4f9d000 	C:\WINDOWS\system32\KERNELBASE.dll
0x00007ffee73a0000 - 0x00007ffee7446000 	C:\WINDOWS\system32\ADVAPI32.dll
0x00007ffee75a0000 - 0x00007ffee763d000 	C:\WINDOWS\system32\msvcrt.dll
0x00007ffee7060000 - 0x00007ffee70bb000 	C:\WINDOWS\system32\sechost.dll
0x00007ffee5380000 - 0x00007ffee54a6000 	C:\WINDOWS\system32\RPCRT4.dll
0x00007ffee5150000 - 0x00007ffee529e000 	C:\WINDOWS\system32\USER32.dll
0x00007ffee54b0000 - 0x00007ffee5636000 	C:\WINDOWS\system32\GDI32.dll
0x00007ffede020000 - 0x00007ffede294000 	C:\WINDOWS\WinSxS\amd64_microsoft.windows.common-controls_6595b64144ccf1df_6.0.10240.16384_none_f41f7b285750ef43\COMCTL32.dll
0x00007ffee5110000 - 0x00007ffee5146000 	C:\WINDOWS\system32\IMM32.DLL
0x00007ffee5640000 - 0x00007ffee579c000 	C:\WINDOWS\system32\MSCTF.dll
0x00007ffee42b0000 - 0x00007ffee42e1000 	C:\Windows\system32\nvinitx.dll
0x00007ffee4200000 - 0x00007ffee420a000 	C:\WINDOWS\SYSTEM32\VERSION.dll
0x0000000050740000 - 0x0000000050812000 	C:\Program Files\Java\jdk1.8.0_20\jre\bin\msvcr100.dll
0x0000000050ca0000 - 0x00000000514f8000 	C:\Program Files\Java\jdk1.8.0_20\jre\bin\server\jvm.dll
0x00007ffee5100000 - 0x00007ffee5108000 	C:\WINDOWS\system32\PSAPI.DLL
0x00007ffee1d70000 - 0x00007ffee1d93000 	C:\WINDOWS\SYSTEM32\WINMM.dll
0x00007ffee1d40000 - 0x00007ffee1d6c000 	C:\WINDOWS\SYSTEM32\WINMMBASE.dll
0x00007ffee4630000 - 0x00007ffee4674000 	C:\WINDOWS\system32\cfgmgr32.dll
0x00007ffee2c40000 - 0x00007ffee2c67000 	C:\WINDOWS\SYSTEM32\DEVOBJ.dll
0x00007ffed9640000 - 0x00007ffed9649000 	C:\WINDOWS\SYSTEM32\WSOCK32.dll
0x00007ffee52a0000 - 0x00007ffee5309000 	C:\WINDOWS\system32\WS2_32.dll
0x00007ffee50f0000 - 0x00007ffee50f8000 	C:\WINDOWS\system32\NSI.dll
0x0000000050bb0000 - 0x0000000050bbf000 	C:\Program Files\Java\jdk1.8.0_20\jre\bin\verify.dll
0x0000000050b80000 - 0x0000000050ba8000 	C:\Program Files\Java\jdk1.8.0_20\jre\bin\java.dll
0x0000000050b60000 - 0x0000000050b76000 	C:\Program Files\Java\jdk1.8.0_20\jre\bin\zip.dll
0x00007ffee57a0000 - 0x00007ffee6cc2000 	C:\WINDOWS\system32\SHELL32.dll
0x00007ffee4680000 - 0x00007ffee4ca8000 	C:\WINDOWS\system32\windows.storage.dll
0x00007ffee70c0000 - 0x00007ffee733c000 	C:\WINDOWS\system32\combase.dll
0x00007ffee5310000 - 0x00007ffee5361000 	C:\WINDOWS\system32\shlwapi.dll
0x00007ffee4450000 - 0x00007ffee445f000 	C:\WINDOWS\system32\kernel.appcore.dll
0x00007ffee4fa0000 - 0x00007ffee5053000 	C:\WINDOWS\system32\shcore.dll
0x00007ffee43e0000 - 0x00007ffee442a000 	C:\WINDOWS\system32\powrprof.dll
0x00007ffee43c0000 - 0x00007ffee43d3000 	C:\WINDOWS\system32\profapi.dll
0x00007ffebfb70000 - 0x00007ffebfcfa000 	C:\WINDOWS\SYSTEM32\dbghelp.dll

VM Arguments:
jvm_args: -Xmx1024M -Dfile.encoding=GBK -Duser.country=CN -Duser.language=zh -Duser.variant 
java_command: com.android.dx.command.Main --dex --output E:\androidTest\Json\app\build\intermediates\pre-dexed\debug\classes-94359755198c6cf2b740feac6d642bb842d8a98f.jar E:\androidTest\Json\app\build\intermediates\exploded-aar\com.android.support\support-v4\23.0.0\jars\classes.jar
java_class_path (initial): D:\andriod sdk\build-tools\22.0.1\lib\dx.jar
Launcher Type: SUN_STANDARD

Environment Variables:
JAVA_HOME=C:\Program Files\Java\jdk1.8.0_20\
CLASSPATH=.;C:\Program Files\Java\jdk1.8.0_20\\lib\dt.jar;C:\Program Files\Java\jdk1.8.0_20\\lib\tools.jar;
PATH=C:\ProgramData\Oracle\Java\javapath;C:\Program Files\Java\jdk1.8.0_20\\bin;c:\Windows\system32;C:\Program Files (x86)\Microsoft SQL Server\100\Tools\Binn\;C:\Program Files\Microsoft SQL Server\100\Tools\Binn\;C:\Program Files\Microsoft SQL Server\100\DTS\Binn\;C:\Program Files (x86)\Microsoft SQL Server\100\Tools\Binn\VSShell\Common7\IDE\;C:\Program Files (x86)\Microsoft SQL Server\100\DTS\Binn\;C:\WINDOWS\system32;C:\WINDOWS;C:\WINDOWS\System32\Wbem;C:\WINDOWS\System32\WindowsPowerShell\v1.0\;D:\andriod sdk\platform-tools
USERNAME=sony
OS=Windows_NT
PROCESSOR_IDENTIFIER=Intel64 Family 6 Model 69 Stepping 1, GenuineIntel



---------------  S Y S T E M  ---------------

OS: Windows 8.1 , 64 bit Build 9600 

CPU:total 4 (2 cores per cpu, 2 threads per core) family 6 model 69 stepping 1, cmov, cx8, fxsr, mmx, sse, sse2, sse3, ssse3, sse4.1, sse4.2, popcnt, avx, avx2, aes, clmul, erms, lzcnt, ht, tsc, tscinvbit, bmi1, bmi2

Memory: 4k page, physical 3927944k(512956k free), swap 6025096k(521284k free)

vm_info: Java HotSpot(TM) 64-Bit Server VM (25.20-b23) for windows-amd64 JRE (1.8.0_20-b26), built on Jul 30 2014 13:51:23 by "java_re" with MS VC++ 10.0 (VS2010)

time: Wed Nov 18 18:44:41 2015
elapsed time: 29 seconds (0d 0h 0m 29s)

